#
# There is insufficient memory for the Java Runtime Environment to continue.
# Native memory allocation (malloc) failed to allocate 1048576 bytes for AllocateHeap
# Possible reasons:
#   The system is out of physical RAM or swap space
#   The process is running with CompressedOops enabled, and the Java Heap may be blocking the growth of the native heap
# Possible solutions:
#   Reduce memory load on the system
#   Increase physical memory or swap space
#   Check if swap backing store is full
#   Decrease Java heap size (-Xmx/-Xms)
#   Decrease number of Java threads
#   Decrease Java thread stack sizes (-Xss)
#   Set larger code cache with -XX:ReservedCodeCacheSize=
#   JVM is running with Unscaled Compressed Oops mode in which the Java heap is
#     placed in the first 4GB address space. The Java Heap base address is the
#     maximum limit for the native heap growth. Please use -XX:HeapBaseMinAddress
#     to set the Java Heap base and to place the Java Heap above 4GB virtual address.
# This output file may be truncated or incomplete.
#
#  Out of Memory Error (allocation.cpp:44), pid=93708, tid=25160
#
# JRE version:  (17.0.3+7) (build )
# Java VM: OpenJDK 64-Bit Server VM (17.0.3+7-b469.32, mixed mode, sharing, tiered, compressed oops, compressed class ptrs, g1 gc, windows-amd64)
# No core dump will be written. Minidumps are not enabled by default on client versions of Windows
#

---------------  S U M M A R Y ------------

Command Line: git4idea.http.GitAskPassApp Username for 'https://github.com': 

Host: Intel(R) Core(TM) i5-10400 CPU @ 2.90GHz, 12 cores, 15G,  Windows 10 , 64 bit Build 19041 (10.0.19041.2913)
Time: Thu Jul 25 16:31:39 2024 RTZ 5 (s 10 , 64 bit Build 19041 (10.0.19041.2913) elapsed time: 0.086015 seconds (0d 0h 0m 0s)

---------------  T H R E A D  ---------------

Current thread (0x000002789c856460):  JavaThread "Unknown thread" [_thread_in_vm, id=25160, stack(0x000000a028f00000,0x000000a029000000)]

Stack: [0x000000a028f00000,0x000000a029000000]
Native frames: (J=compiled Java code, j=interpreted, Vv=VM code, C=native code)
V  [jvm.dll+0x681f8a]
V  [jvm.dll+0x83e374]
V  [jvm.dll+0x83fb1e]
V  [jvm.dll+0x840183]
V  [jvm.dll+0x2492a5]
V  [jvm.dll+0xa64cf]
V  [jvm.dll+0x2dad64]
V  [jvm.dll+0x80fc2c]
V  [jvm.dll+0x36df61]
V  [jvm.dll+0x7ef17c]
V  [jvm.dll+0x3f10ef]
V  [jvm.dll+0x3f2c31]
C  [jli.dll+0x526b]
C  [ucrtbase.dll+0x21bb2]
C  [KERNEL32.DLL+0x17614]
C  [ntdll.dll+0x526a1]


---------------  P R O C E S S  ---------------

Threads class SMR info:
_java_thread_list=0x00007ffad9226f18, length=0, elements={
}

Java Threads: ( => current thread )

Other Threads:

=>0x000002789c856460 (exited) JavaThread "Unknown thread" [_thread_in_vm, id=25160, stack(0x000000a028f00000,0x000000a029000000)]

Threads with active compile tasks:

VM state: not at safepoint (not fully initialized)

VM Mutex/Monitor currently owned by a thread: None

Heap address: 0x0000000000000000, size: 0 MB, Compressed Oops mode: 32-bit

CDS archive(s) mapped at: [0x0000000000000000-0x0000000000000000-0x0000000000000000), size 0, SharedBaseAddress: 0x0000000800000000, ArchiveRelocationMode: 0.
Narrow klass base: 0x0000000000000000, Narrow klass shift: 0, Narrow klass range: 0x0

GC Precious Log:
<Empty>

GC Heap History (0 events):
No events

Deoptimization events (0 events):
No events

Classes unloaded (0 events):
No events

Classes redefined (0 events):
No events

Internal exceptions (0 events):
No events

VM Operations (0 events):
No events

Events (1 events):
Event: 0.023 Loaded shared library C:\Program Files\JetBrains\WebStorm 2022.2\jbr\bin\java.dll


Dynamic libraries:
0x00007ff6bc6d0000 - 0x00007ff6bc6da000 	C:\Program Files\JetBrains\WebStorm 2022.2\jbr\bin\java.exe
0x00007ffb139f0000 - 0x00007ffb13be8000 	C:\WINDOWS\SYSTEM32\ntdll.dll
0x00007ffb13110000 - 0x00007ffb131cf000 	C:\WINDOWS\System32\KERNEL32.DLL
0x00007ffb11690000 - 0x00007ffb11986000 	C:\WINDOWS\System32\KERNELBASE.dll
0x00007ffb11260000 - 0x00007ffb11360000 	C:\WINDOWS\System32\ucrtbase.dll
0x00007ffb07720000 - 0x00007ffb07737000 	C:\Program Files\JetBrains\WebStorm 2022.2\jbr\bin\jli.dll
0x00007ffb13760000 - 0x00007ffb138fd000 	C:\WINDOWS\System32\USER32.dll
0x00007ffb11230000 - 0x00007ffb11252000 	C:\WINDOWS\System32\win32u.dll
0x00007ffb11a50000 - 0x00007ffb11a7c000 	C:\WINDOWS\System32\GDI32.dll
0x00007ffb11570000 - 0x00007ffb11685000 	C:\WINDOWS\System32\gdi32full.dll
0x00007ffb11100000 - 0x00007ffb1119d000 	C:\WINDOWS\System32\msvcp_win.dll
0x00007ffb0ad50000 - 0x00007ffb0ad6b000 	C:\Program Files\JetBrains\WebStorm 2022.2\jbr\bin\VCRUNTIME140.dll
0x00007ffb028e0000 - 0x00007ffb02b7a000 	C:\WINDOWS\WinSxS\amd64_microsoft.windows.common-controls_6595b64144ccf1df_6.0.19041.1110_none_60b5254171f9507e\COMCTL32.dll
0x00007ffb124a0000 - 0x00007ffb1253e000 	C:\WINDOWS\System32\msvcrt.dll
0x00007ffb13330000 - 0x00007ffb13360000 	C:\WINDOWS\System32\IMM32.DLL
0x00007ffb0dbd0000 - 0x00007ffb0dbdc000 	C:\Program Files\JetBrains\WebStorm 2022.2\jbr\bin\vcruntime140_1.dll
0x00007ffaed400000 - 0x00007ffaed48d000 	C:\Program Files\JetBrains\WebStorm 2022.2\jbr\bin\msvcp140.dll
0x00007ffad86f0000 - 0x00007ffad9358000 	C:\Program Files\JetBrains\WebStorm 2022.2\jbr\bin\server\jvm.dll
0x00007ffb13900000 - 0x00007ffb139af000 	C:\WINDOWS\System32\ADVAPI32.dll
0x00007ffb136a0000 - 0x00007ffb1373c000 	C:\WINDOWS\System32\sechost.dll
0x00007ffb12540000 - 0x00007ffb12666000 	C:\WINDOWS\System32\RPCRT4.dll
0x00007ffb135b0000 - 0x00007ffb135b8000 	C:\WINDOWS\System32\PSAPI.DLL
0x00007ffb09c30000 - 0x00007ffb09c39000 	C:\WINDOWS\SYSTEM32\WSOCK32.dll
0x00007ffb13040000 - 0x00007ffb130ab000 	C:\WINDOWS\System32\WS2_32.dll
0x00007ffb0a0f0000 - 0x00007ffb0a117000 	C:\WINDOWS\SYSTEM32\WINMM.dll
0x00007ffb0b890000 - 0x00007ffb0b89a000 	C:\WINDOWS\SYSTEM32\VERSION.dll
0x00007ffb0eb50000 - 0x00007ffb0eb62000 	C:\WINDOWS\SYSTEM32\kernel.appcore.dll
0x00007ffb0dc70000 - 0x00007ffb0dc7a000 	C:\Program Files\JetBrains\WebStorm 2022.2\jbr\bin\jimage.dll
0x00007ffaf8b70000 - 0x00007ffaf8d54000 	C:\WINDOWS\SYSTEM32\DBGHELP.DLL
0x00007ffaf8a60000 - 0x00007ffaf8a94000 	C:\WINDOWS\SYSTEM32\dbgcore.DLL
0x00007ffb111a0000 - 0x00007ffb11222000 	C:\WINDOWS\System32\bcryptPrimitives.dll
0x00007ffb0db60000 - 0x00007ffb0db85000 	C:\Program Files\JetBrains\WebStorm 2022.2\jbr\bin\java.dll

dbghelp: loaded successfully - version: 4.0.5 - missing functions: none
symbol engine: initialized successfully - sym options: 0x614 - pdb path: .;C:\Program Files\JetBrains\WebStorm 2022.2\jbr\bin;C:\WINDOWS\SYSTEM32;C:\WINDOWS\WinSxS\amd64_microsoft.windows.common-controls_6595b64144ccf1df_6.0.19041.1110_none_60b5254171f9507e;C:\Program Files\JetBrains\WebStorm 2022.2\jbr\bin\server

VM Arguments:
java_command: git4idea.http.GitAskPassApp Username for 'https://github.com': 
java_class_path (initial): C:/Program Files/JetBrains/WebStorm 2022.2/plugins/git4idea/lib/git4idea-rt.jar;C:/Program Files/JetBrains/WebStorm 2022.2/lib/externalProcess-rt.jar;C:/Program Files/JetBrains/WebStorm 2022.2/lib/app.jar;C:/Program Files/JetBrains/WebStorm 2022.2/lib/3rd-party-rt.jar
Launcher Type: SUN_STANDARD

[Global flags]
     intx CICompilerCount                          = 4                                         {product} {ergonomic}
     uint ConcGCThreads                            = 3                                         {product} {ergonomic}
     uint G1ConcRefinementThreads                  = 10                                        {product} {ergonomic}
   size_t G1HeapRegionSize                         = 2097152                                   {product} {ergonomic}
    uintx GCDrainStackTargetSize                   = 64                                        {product} {ergonomic}
   size_t InitialHeapSize                          = 266338304                                 {product} {ergonomic}
   size_t MarkStackSize                            = 4194304                                   {product} {ergonomic}
   size_t MaxHeapSize                              = 4259315712                                {product} {ergonomic}
   size_t MinHeapDeltaBytes                        = 2097152                                   {product} {ergonomic}
   size_t MinHeapSize                              = 8388608                                   {product} {ergonomic}
    uintx NonNMethodCodeHeapSize                   = 5839372                                {pd product} {ergonomic}
    uintx NonProfiledCodeHeapSize                  = 122909434                              {pd product} {ergonomic}
    uintx ProfiledCodeHeapSize                     = 122909434                              {pd product} {ergonomic}
    uintx ReservedCodeCacheSize                    = 251658240                              {pd product} {ergonomic}
     bool SegmentedCodeCache                       = true                                      {product} {ergonomic}
   size_t SoftMaxHeapSize                          = 4259315712                             {manageable} {ergonomic}
     bool UseCompressedClassPointers               = true                           {product lp64_product} {ergonomic}
     bool UseCompressedOops                        = true                           {product lp64_product} {ergonomic}
     bool UseG1GC                                  = true                                      {product} {ergonomic}
     bool UseLargePagesIndividualAllocation        = false                                  {pd product} {ergonomic}

Logging:
Log output configuration:
 #0: stdout all=warning uptime,level,tags
 #1: stderr all=off uptime,level,tags

Environment Variables:
PATH=C:\Program Files\Git\mingw64\libexec\git-core;C:\Program Files\Git\mingw64\libexec\git-core;C:\Program Files\Git\mingw64\bin;C:\Program Files\Git\usr\bin;C:\Users\inst\bin;C:\Program Files (x86)\Common Files\Oracle\Java\javapath;C:\Program Files (x86)\Kerio\Outlook Connector (Offline Edition);C:\Windows\system32;C:\Windows;C:\Windows\System32\Wbem;C:\Windows\System32\WindowsPowerShell\v1.0;C:\Program Files (x86)\NVIDIA Corporation\PhysX\Common;C:\WINDOWS\system32;C:\WINDOWS;C:\WINDOWS\System32\Wbem;C:\WINDOWS\System32\WindowsPowerShell\v1.0;C:\WINDOWS\System32\OpenSSH;C:\Program Files\dotnet;C:\Program Files\Microsoft SQL Server\130\Tools\Binn;C:\Program Files\Microsoft SQL Server\Client SDK\ODBC\170\Tools\Binn;C:\Program Files\PostgreSQL\15\bin;C:\Program Files\PostgreSQL\15\lib;C:\Program Files\nodejs;C:\Program Files\Git\cmd;C:\Program Files\Docker\Docker\resources\bin;C:\Users\inst\AppData\Local\Microsoft\WindowsApps;C:\Users\inst\AppData\Local\Programs\Microsoft VS Code\bin;C:\Program Files\JetBrains\WebStorm 2022.2\bin;C:\Users\inst\AppData\Roaming\npm
USERNAME=inst
DISPLAY=:0.0
LC_ALL=en_US.UTF-8
OS=Windows_NT
PROCESSOR_IDENTIFIER=Intel64 Family 6 Model 165 Stepping 5, GenuineIntel



---------------  S Y S T E M  ---------------

OS:
 Windows 10 , 64 bit Build 19041 (10.0.19041.2913)
OS uptime: 34 days 2:43 hours
Hyper-V role detected

CPU: total 12 (initial active 12) (6 cores per cpu, 2 threads per core) family 6 model 165 stepping 5 microcode 0xe2, cx8, cmov, fxsr, ht, mmx, 3dnowpref, sse, sse2, sse3, ssse3, sse4.1, sse4.2, popcnt, lzcnt, tsc, tscinvbit, avx, avx2, aes, erms, clmul, bmi1, bmi2, adx, fma, vzeroupper, clflush, clflushopt, hv

Memory: 4k page, system-wide physical 16247M (371M free)
TotalPageFile size 65399M (AvailPageFile size 4M)
current process WorkingSet (physical memory assigned to process): 9M, peak: 9M
current process commit charge ("private bytes"): 11M, peak: 12M

vm_info: OpenJDK 64-Bit Server VM (17.0.3+7-b469.32) for windows-amd64 JRE (17.0.3+7-b469.32), built on 2022-07-19 by "builduser" with MS VC++ 16.10 / 16.11 (VS2019)

END.
